Flow report for DE2Bot
Sat Dec 10 20:48:35 2022
Quartus II Version 9.1 Build 350 03/24/2010 Service Pack 2 SJ Web Edition


---------------------
; Table of Contents ;
---------------------
  1. Legal Notice
  2. Flow Summary
  3. Flow Settings
  4. Flow Non-Default Global Settings
  5. Flow Elapsed Time
  6. Flow OS Summary
  7. Flow Log



----------------
; Legal Notice ;
----------------
Copyright (C) 1991-2010 Altera Corporation
Your use of Altera Corporation's design tools, logic functions 
and other software and tools, and its AMPP partner logic 
functions, and any output files from any of the foregoing 
(including device programming or simulation files), and any 
associated documentation or information are expressly subject 
to the terms and conditions of the Altera Program License 
Subscription Agreement, Altera MegaCore Function License 
Agreement, or other applicable license agreement, including, 
without limitation, that your use is for the sole purpose of 
programming logic devices manufactured by Altera and sold by 
Altera or its authorized distributors.  Please refer to the 
applicable agreement for further details.



+-----------------------------------------------------------------------------------+
; Flow Summary                                                                      ;
+------------------------------------+----------------------------------------------+
; Flow Status                        ; Successful - Sat Dec 10 20:48:35 2022        ;
; Quartus II Version                 ; 9.1 Build 350 03/24/2010 SP 2 SJ Web Edition ;
; Revision Name                      ; DE2Bot                                       ;
; Top-level Entity Name              ; DE2bot                                       ;
; Family                             ; Cyclone II                                   ;
; Device                             ; EP2C35F672C6                                 ;
; Timing Models                      ; Final                                        ;
; Met timing requirements            ; No                                           ;
; Total logic elements               ; 4,707 / 33,216 ( 14 % )                      ;
;     Total combinational functions  ; 4,238 / 33,216 ( 13 % )                      ;
;     Dedicated logic registers      ; 2,060 / 33,216 ( 6 % )                       ;
; Total registers                    ; 2060                                         ;
; Total pins                         ; 182 / 475 ( 38 % )                           ;
; Total virtual pins                 ; 0                                            ;
; Total memory bits                  ; 107,136 / 483,840 ( 22 % )                   ;
; Embedded Multiplier 9-bit elements ; 42 / 70 ( 60 % )                             ;
; Total PLLs                         ; 2 / 4 ( 50 % )                               ;
+------------------------------------+----------------------------------------------+


+-----------------------------------------+
; Flow Settings                           ;
+-------------------+---------------------+
; Option            ; Setting             ;
+-------------------+---------------------+
; Start date & time ; 11/17/2022 10:13:48 ;
; Main task         ; Compilation         ;
; Revision Name     ; DE2Bot              ;
+-------------------+---------------------+


+---------------------------------------------------------------------------------------------------------------------+
; Flow Non-Default Global Settings                                                                                    ;
+-------------------------------------+--------------------------------+---------------+-------------+----------------+
; Assignment Name                     ; Value                          ; Default Value ; Entity Name ; Section Id     ;
+-------------------------------------+--------------------------------+---------------+-------------+----------------+
; COMPILER_SIGNATURE_ID               ; 62657541715184.166867642748868 ; --            ; --          ; --             ;
; ENABLE_CLOCK_LATENCY                ; On                             ; Off           ; --          ; --             ;
; MAX_CORE_JUNCTION_TEMP              ; 85                             ; --            ; --          ; --             ;
; MIN_CORE_JUNCTION_TEMP              ; 0                              ; --            ; --          ; --             ;
; OUTPUT_PIN_LOAD                     ; 1                              ; --            ; --          ; 3.3-V LVTTL    ;
; OUTPUT_PIN_LOAD                     ; 1                              ; --            ; --          ; 3.3-V LVCMOS   ;
; PARTITION_COLOR                     ; 16764057                       ; --            ; DE2bot      ; Top            ;
; PARTITION_FITTER_PRESERVATION_LEVEL ; PLACEMENT_AND_ROUTING          ; --            ; DE2bot      ; Top            ;
; PARTITION_NETLIST_TYPE              ; SOURCE                         ; --            ; DE2bot      ; Top            ;
; SMART_RECOMPILE                     ; On                             ; Off           ; --          ; --             ;
; USE_GENERATED_PHYSICAL_CONSTRAINTS  ; Off                            ; --            ; --          ; eda_blast_fpga ;
+-------------------------------------+--------------------------------+---------------+-------------+----------------+


+-----------------------------------------------------------------------------------------------------------------------------+
; Flow Elapsed Time                                                                                                           ;
+-------------------------+--------------+-------------------------+---------------------+------------------------------------+
; Module Name             ; Elapsed Time ; Average Processors Used ; Peak Virtual Memory ; Total CPU Time (on all processors) ;
+-------------------------+--------------+-------------------------+---------------------+------------------------------------+
; Analysis & Synthesis    ; 00:00:47     ; 1.0                     ; 301 MB              ; 00:00:35                           ;
; Fitter                  ; 00:00:56     ; 1.0                     ; 325 MB              ; 00:00:51                           ;
; Assembler               ; 00:00:01     ; 1.0                     ; 281 MB              ; 00:00:01                           ;
; Classic Timing Analyzer ; 00:00:01     ; 1.0                     ; 212 MB              ; 00:00:01                           ;
; MIF/HEX Update          ; 00:00:01     ; 1.0                     ; 252 MB              ; 00:00:01                           ;
; Assembler               ; 00:00:01     ; 1.0                     ; 283 MB              ; 00:00:01                           ;
; MIF/HEX Update          ; 00:00:00     ; 1.0                     ; 253 MB              ; 00:00:01                           ;
; Assembler               ; 00:00:04     ; 1.0                     ; 283 MB              ; 00:00:02                           ;
; MIF/HEX Update          ; 00:00:01     ; 1.0                     ; 253 MB              ; 00:00:01                           ;
; Assembler               ; 00:00:04     ; 1.0                     ; 283 MB              ; 00:00:02                           ;
; MIF/HEX Update          ; 00:00:02     ; 1.0                     ; 253 MB              ; 00:00:01                           ;
; Assembler               ; 00:00:04     ; 1.0                     ; 283 MB              ; 00:00:02                           ;
; MIF/HEX Update          ; 00:00:02     ; 1.0                     ; 253 MB              ; 00:00:01                           ;
; Assembler               ; 00:00:04     ; 1.0                     ; 283 MB              ; 00:00:02                           ;
; MIF/HEX Update          ; 00:00:01     ; 1.0                     ; 253 MB              ; 00:00:01                           ;
; Assembler               ; 00:00:05     ; 1.0                     ; 283 MB              ; 00:00:02                           ;
; MIF/HEX Update          ; 00:00:02     ; 1.0                     ; 253 MB              ; 00:00:01                           ;
; Assembler               ; 00:00:04     ; 1.0                     ; 283 MB              ; 00:00:02                           ;
; MIF/HEX Update          ; 00:00:02     ; 1.0                     ; 253 MB              ; 00:00:01                           ;
; Assembler               ; 00:00:04     ; 1.0                     ; 282 MB              ; 00:00:03                           ;
; MIF/HEX Update          ; 00:00:02     ; 1.0                     ; 253 MB              ; 00:00:01                           ;
; Assembler               ; 00:00:04     ; 1.0                     ; 283 MB              ; 00:00:02                           ;
; MIF/HEX Update          ; 00:00:02     ; 1.0                     ; 253 MB              ; 00:00:01                           ;
; Assembler               ; 00:00:04     ; 1.0                     ; 283 MB              ; 00:00:02                           ;
; MIF/HEX Update          ; 00:00:02     ; 1.0                     ; 252 MB              ; 00:00:01                           ;
; Assembler               ; 00:00:04     ; 1.0                     ; 283 MB              ; 00:00:01                           ;
; MIF/HEX Update          ; 00:00:02     ; 1.0                     ; 253 MB              ; 00:00:01                           ;
; Assembler               ; 00:00:04     ; 1.0                     ; 283 MB              ; 00:00:02                           ;
; MIF/HEX Update          ; 00:00:02     ; 1.0                     ; 253 MB              ; 00:00:01                           ;
; Assembler               ; 00:00:04     ; 1.0                     ; 283 MB              ; 00:00:02                           ;
; MIF/HEX Update          ; 00:00:02     ; 1.0                     ; 253 MB              ; 00:00:01                           ;
; Assembler               ; 00:00:04     ; 1.0                     ; 282 MB              ; 00:00:02                           ;
; MIF/HEX Update          ; 00:00:02     ; 1.0                     ; 253 MB              ; 00:00:01                           ;
; Assembler               ; 00:00:04     ; 1.0                     ; 283 MB              ; 00:00:02                           ;
; MIF/HEX Update          ; 00:00:02     ; 1.0                     ; 253 MB              ; 00:00:01                           ;
; Assembler               ; 00:00:04     ; 1.0                     ; 283 MB              ; 00:00:02                           ;
; MIF/HEX Update          ; 00:00:01     ; 1.0                     ; 253 MB              ; 00:00:01                           ;
; Assembler               ; 00:00:04     ; 1.0                     ; 282 MB              ; 00:00:02                           ;
; MIF/HEX Update          ; 00:00:02     ; 1.0                     ; 253 MB              ; 00:00:01                           ;
; Assembler               ; 00:00:04     ; 1.0                     ; 283 MB              ; 00:00:01                           ;
; MIF/HEX Update          ; 00:00:02     ; 1.0                     ; 253 MB              ; 00:00:02                           ;
; Assembler               ; 00:00:04     ; 1.0                     ; 283 MB              ; 00:00:03                           ;
; MIF/HEX Update          ; 00:00:02     ; 1.0                     ; 253 MB              ; 00:00:01                           ;
; Assembler               ; 00:00:03     ; 1.0                     ; 282 MB              ; 00:00:02                           ;
; MIF/HEX Update          ; 00:00:02     ; 1.0                     ; 253 MB              ; 00:00:01                           ;
; Assembler               ; 00:00:03     ; 1.0                     ; 283 MB              ; 00:00:02                           ;
; MIF/HEX Update          ; 00:00:02     ; 1.0                     ; 253 MB              ; 00:00:02                           ;
; Assembler               ; 00:00:04     ; 1.0                     ; 283 MB              ; 00:00:02                           ;
; MIF/HEX Update          ; 00:00:02     ; 1.0                     ; 253 MB              ; 00:00:01                           ;
; Assembler               ; 00:00:04     ; 1.0                     ; 283 MB              ; 00:00:02                           ;
; MIF/HEX Update          ; 00:00:02     ; 1.0                     ; 253 MB              ; 00:00:01                           ;
; Assembler               ; 00:00:04     ; 1.0                     ; 283 MB              ; 00:00:02                           ;
; MIF/HEX Update          ; 00:00:00     ; 1.0                     ; 253 MB              ; 00:00:01                           ;
; Assembler               ; 00:00:02     ; 1.0                     ; 283 MB              ; 00:00:01                           ;
; MIF/HEX Update          ; 00:00:01     ; 1.0                     ; 253 MB              ; 00:00:01                           ;
; Assembler               ; 00:00:02     ; 1.0                     ; 283 MB              ; 00:00:01                           ;
; MIF/HEX Update          ; 00:00:00     ; 1.0                     ; 253 MB              ; 00:00:00                           ;
; Assembler               ; 00:00:02     ; 1.0                     ; 283 MB              ; 00:00:01                           ;
; MIF/HEX Update          ; 00:00:01     ; 1.0                     ; 253 MB              ; 00:00:00                           ;
; Assembler               ; 00:00:02     ; 1.0                     ; 283 MB              ; 00:00:01                           ;
; MIF/HEX Update          ; 00:00:01     ; 1.0                     ; 253 MB              ; 00:00:01                           ;
; Assembler               ; 00:00:01     ; 1.0                     ; 283 MB              ; 00:00:01                           ;
; MIF/HEX Update          ; 00:00:01     ; 1.0                     ; 253 MB              ; 00:00:00                           ;
; Assembler               ; 00:00:02     ; 1.0                     ; 283 MB              ; 00:00:01                           ;
; MIF/HEX Update          ; 00:00:00     ; 1.0                     ; 253 MB              ; 00:00:01                           ;
; Assembler               ; 00:00:02     ; 1.0                     ; 283 MB              ; 00:00:01                           ;
; MIF/HEX Update          ; 00:00:00     ; 1.0                     ; 253 MB              ; 00:00:01                           ;
; Assembler               ; 00:00:02     ; 1.0                     ; 283 MB              ; 00:00:01                           ;
; MIF/HEX Update          ; 00:00:00     ; 1.0                     ; 253 MB              ; 00:00:01                           ;
; Assembler               ; 00:00:01     ; 1.0                     ; 283 MB              ; 00:00:01                           ;
; MIF/HEX Update          ; 00:00:01     ; 1.0                     ; 253 MB              ; 00:00:00                           ;
; Assembler               ; 00:00:02     ; 1.0                     ; 283 MB              ; 00:00:01                           ;
; MIF/HEX Update          ; 00:00:01     ; 1.0                     ; 253 MB              ; 00:00:01                           ;
; Assembler               ; 00:00:01     ; 1.0                     ; 283 MB              ; 00:00:01                           ;
; MIF/HEX Update          ; 00:00:01     ; 1.0                     ; 253 MB              ; 00:00:00                           ;
; Assembler               ; 00:00:01     ; 1.0                     ; 283 MB              ; 00:00:01                           ;
; MIF/HEX Update          ; 00:00:02     ; 1.0                     ; 253 MB              ; 00:00:02                           ;
; Assembler               ; 00:00:04     ; 1.0                     ; 283 MB              ; 00:00:02                           ;
; MIF/HEX Update          ; 00:00:01     ; 1.0                     ; 253 MB              ; 00:00:01                           ;
; Assembler               ; 00:00:04     ; 1.0                     ; 283 MB              ; 00:00:02                           ;
; MIF/HEX Update          ; 00:00:02     ; 1.0                     ; 253 MB              ; 00:00:01                           ;
; Assembler               ; 00:00:04     ; 1.0                     ; 283 MB              ; 00:00:02                           ;
; MIF/HEX Update          ; 00:00:02     ; 1.0                     ; 253 MB              ; 00:00:01                           ;
; Assembler               ; 00:00:04     ; 1.0                     ; 283 MB              ; 00:00:02                           ;
; MIF/HEX Update          ; 00:00:02     ; 1.0                     ; 252 MB              ; 00:00:01                           ;
; Assembler               ; 00:00:03     ; 1.0                     ; 283 MB              ; 00:00:02                           ;
; MIF/HEX Update          ; 00:00:02     ; 1.0                     ; 253 MB              ; 00:00:01                           ;
; Assembler               ; 00:00:04     ; 1.0                     ; 283 MB              ; 00:00:02                           ;
; MIF/HEX Update          ; 00:00:02     ; 1.0                     ; 253 MB              ; 00:00:01                           ;
; Assembler               ; 00:00:04     ; 1.0                     ; 283 MB              ; 00:00:02                           ;
; MIF/HEX Update          ; 00:00:02     ; 1.0                     ; 253 MB              ; 00:00:01                           ;
; Assembler               ; 00:00:04     ; 1.0                     ; 283 MB              ; 00:00:02                           ;
; MIF/HEX Update          ; 00:00:02     ; 1.0                     ; 253 MB              ; 00:00:01                           ;
; Assembler               ; 00:00:04     ; 1.0                     ; 283 MB              ; 00:00:02                           ;
; MIF/HEX Update          ; 00:00:02     ; 1.0                     ; 253 MB              ; 00:00:01                           ;
; Assembler               ; 00:00:04     ; 1.0                     ; 283 MB              ; 00:00:02                           ;
; MIF/HEX Update          ; 00:00:01     ; 1.0                     ; 253 MB              ; 00:00:01                           ;
; Assembler               ; 00:00:04     ; 1.0                     ; 283 MB              ; 00:00:02                           ;
; MIF/HEX Update          ; 00:00:01     ; 1.0                     ; 252 MB              ; 00:00:01                           ;
; Assembler               ; 00:00:04     ; 1.0                     ; 283 MB              ; 00:00:02                           ;
; MIF/HEX Update          ; 00:00:02     ; 1.0                     ; 252 MB              ; 00:00:01                           ;
; Assembler               ; 00:00:04     ; 1.0                     ; 283 MB              ; 00:00:02                           ;
; MIF/HEX Update          ; 00:00:02     ; 1.0                     ; 253 MB              ; 00:00:01                           ;
; Assembler               ; 00:00:04     ; 1.0                     ; 283 MB              ; 00:00:03                           ;
; MIF/HEX Update          ; 00:00:02     ; 1.0                     ; 253 MB              ; 00:00:01                           ;
; Assembler               ; 00:00:03     ; 1.0                     ; 283 MB              ; 00:00:02                           ;
; MIF/HEX Update          ; 00:00:03     ; 1.0                     ; 253 MB              ; 00:00:01                           ;
; Assembler               ; 00:00:05     ; 1.0                     ; 283 MB              ; 00:00:02                           ;
; MIF/HEX Update          ; 00:00:02     ; 1.0                     ; 252 MB              ; 00:00:01                           ;
; Assembler               ; 00:00:04     ; 1.0                     ; 283 MB              ; 00:00:02                           ;
; MIF/HEX Update          ; 00:00:02     ; 1.0                     ; 253 MB              ; 00:00:01                           ;
; Assembler               ; 00:00:04     ; 1.0                     ; 283 MB              ; 00:00:02                           ;
; MIF/HEX Update          ; 00:00:01     ; 1.0                     ; 261 MB              ; 00:00:01                           ;
; Assembler               ; 00:00:01     ; 1.0                     ; 282 MB              ; 00:00:01                           ;
; MIF/HEX Update          ; 00:00:00     ; 1.0                     ; 253 MB              ; 00:00:01                           ;
; Assembler               ; 00:00:02     ; 1.0                     ; 283 MB              ; 00:00:01                           ;
; MIF/HEX Update          ; 00:00:00     ; 1.0                     ; 253 MB              ; 00:00:01                           ;
; Assembler               ; 00:00:02     ; 1.0                     ; 283 MB              ; 00:00:01                           ;
; MIF/HEX Update          ; 00:00:01     ; 1.0                     ; 253 MB              ; 00:00:00                           ;
; Assembler               ; 00:00:02     ; 1.0                     ; 283 MB              ; 00:00:01                           ;
; MIF/HEX Update          ; 00:00:00     ; 1.0                     ; 253 MB              ; 00:00:01                           ;
; Assembler               ; 00:00:02     ; 1.0                     ; 283 MB              ; 00:00:01                           ;
; MIF/HEX Update          ; 00:00:01     ; 1.0                     ; 253 MB              ; 00:00:01                           ;
; Assembler               ; 00:00:02     ; 1.0                     ; 283 MB              ; 00:00:01                           ;
; MIF/HEX Update          ; 00:00:01     ; 1.0                     ; 253 MB              ; 00:00:01                           ;
; Assembler               ; 00:00:01     ; 1.0                     ; 283 MB              ; 00:00:01                           ;
; MIF/HEX Update          ; 00:00:01     ; 1.0                     ; 253 MB              ; 00:00:01                           ;
; Assembler               ; 00:00:01     ; 1.0                     ; 283 MB              ; 00:00:01                           ;
; MIF/HEX Update          ; 00:00:00     ; 1.0                     ; 253 MB              ; 00:00:01                           ;
; Assembler               ; 00:00:02     ; 1.0                     ; 283 MB              ; 00:00:01                           ;
; MIF/HEX Update          ; 00:00:01     ; 1.0                     ; 253 MB              ; 00:00:01                           ;
; Assembler               ; 00:00:01     ; 1.0                     ; 283 MB              ; 00:00:01                           ;
; MIF/HEX Update          ; 00:00:00     ; 1.0                     ; 253 MB              ; 00:00:01                           ;
; Assembler               ; 00:00:01     ; 1.0                     ; 283 MB              ; 00:00:01                           ;
; MIF/HEX Update          ; 00:00:01     ; 1.0                     ; 252 MB              ; 00:00:00                           ;
; Assembler               ; 00:00:02     ; 1.0                     ; 283 MB              ; 00:00:01                           ;
; MIF/HEX Update          ; 00:00:01     ; 1.0                     ; 253 MB              ; 00:00:01                           ;
; Assembler               ; 00:00:01     ; 1.0                     ; 283 MB              ; 00:00:01                           ;
; MIF/HEX Update          ; 00:00:00     ; 1.0                     ; 253 MB              ; 00:00:00                           ;
; Assembler               ; 00:00:02     ; 1.0                     ; 287 MB              ; 00:00:01                           ;
; MIF/HEX Update          ; 00:00:01     ; 1.0                     ; 253 MB              ; 00:00:00                           ;
; Assembler               ; 00:00:01     ; 1.0                     ; 283 MB              ; 00:00:01                           ;
; MIF/HEX Update          ; 00:00:01     ; 1.0                     ; 253 MB              ; 00:00:01                           ;
; Assembler               ; 00:00:01     ; 1.0                     ; 282 MB              ; 00:00:01                           ;
; MIF/HEX Update          ; 00:00:00     ; 1.0                     ; 253 MB              ; 00:00:01                           ;
; Assembler               ; 00:00:02     ; 1.0                     ; 283 MB              ; 00:00:01                           ;
; MIF/HEX Update          ; 00:00:01     ; 1.0                     ; 253 MB              ; 00:00:01                           ;
; Assembler               ; 00:00:02     ; 1.0                     ; 283 MB              ; 00:00:01                           ;
; MIF/HEX Update          ; 00:00:01     ; 1.0                     ; 253 MB              ; 00:00:01                           ;
; Assembler               ; 00:00:01     ; 1.0                     ; 282 MB              ; 00:00:01                           ;
; MIF/HEX Update          ; 00:00:01     ; 1.0                     ; 253 MB              ; 00:00:01                           ;
; Assembler               ; 00:00:02     ; 1.0                     ; 283 MB              ; 00:00:01                           ;
; MIF/HEX Update          ; 00:00:01     ; 1.0                     ; 253 MB              ; 00:00:00                           ;
; Assembler               ; 00:00:01     ; 1.0                     ; 282 MB              ; 00:00:01                           ;
; MIF/HEX Update          ; 00:00:01     ; 1.0                     ; 253 MB              ; 00:00:01                           ;
; Assembler               ; 00:00:01     ; 1.0                     ; 283 MB              ; 00:00:01                           ;
; MIF/HEX Update          ; 00:00:01     ; 1.0                     ; 253 MB              ; 00:00:00                           ;
; Assembler               ; 00:00:01     ; 1.0                     ; 283 MB              ; 00:00:01                           ;
; MIF/HEX Update          ; 00:00:00     ; 1.0                     ; 253 MB              ; 00:00:00                           ;
; Assembler               ; 00:00:02     ; 1.0                     ; 283 MB              ; 00:00:01                           ;
; MIF/HEX Update          ; 00:00:01     ; 1.0                     ; 253 MB              ; 00:00:01                           ;
; Assembler               ; 00:00:01     ; 1.0                     ; 283 MB              ; 00:00:01                           ;
; MIF/HEX Update          ; 00:00:00     ; 1.0                     ; 253 MB              ; 00:00:01                           ;
; Assembler               ; 00:00:02     ; 1.0                     ; 283 MB              ; 00:00:01                           ;
; MIF/HEX Update          ; 00:00:01     ; 1.0                     ; 253 MB              ; 00:00:00                           ;
; Assembler               ; 00:00:01     ; 1.0                     ; 283 MB              ; 00:00:01                           ;
; MIF/HEX Update          ; 00:00:01     ; 1.0                     ; 253 MB              ; 00:00:00                           ;
; Assembler               ; 00:00:01     ; 1.0                     ; 283 MB              ; 00:00:01                           ;
; MIF/HEX Update          ; 00:00:00     ; 1.0                     ; 253 MB              ; 00:00:01                           ;
; Assembler               ; 00:00:02     ; 1.0                     ; 282 MB              ; 00:00:01                           ;
; MIF/HEX Update          ; 00:00:00     ; 1.0                     ; 253 MB              ; 00:00:01                           ;
; Assembler               ; 00:00:02     ; 1.0                     ; 282 MB              ; 00:00:01                           ;
; MIF/HEX Update          ; 00:00:01     ; 1.0                     ; 253 MB              ; 00:00:00                           ;
; Assembler               ; 00:00:01     ; 1.0                     ; 283 MB              ; 00:00:02                           ;
; MIF/HEX Update          ; 00:00:00     ; 1.0                     ; 253 MB              ; 00:00:01                           ;
; Assembler               ; 00:00:02     ; 1.0                     ; 283 MB              ; 00:00:01                           ;
; MIF/HEX Update          ; 00:00:00     ; 1.0                     ; 252 MB              ; 00:00:01                           ;
; Assembler               ; 00:00:02     ; 1.0                     ; 283 MB              ; 00:00:01                           ;
; MIF/HEX Update          ; 00:00:00     ; 1.0                     ; 253 MB              ; 00:00:01                           ;
; Assembler               ; 00:00:01     ; 1.0                     ; 283 MB              ; 00:00:01                           ;
; MIF/HEX Update          ; 00:00:01     ; 1.0                     ; 253 MB              ; 00:00:01                           ;
; Assembler               ; 00:00:02     ; 1.0                     ; 287 MB              ; 00:00:01                           ;
; MIF/HEX Update          ; 00:00:01     ; 1.0                     ; 253 MB              ; 00:00:01                           ;
; Assembler               ; 00:00:01     ; 1.0                     ; 283 MB              ; 00:00:01                           ;
; MIF/HEX Update          ; 00:00:00     ; 1.0                     ; 253 MB              ; 00:00:01                           ;
; Assembler               ; 00:00:01     ; 1.0                     ; 282 MB              ; 00:00:01                           ;
; MIF/HEX Update          ; 00:00:01     ; 1.0                     ; 253 MB              ; 00:00:01                           ;
; Assembler               ; 00:00:01     ; 1.0                     ; 283 MB              ; 00:00:01                           ;
; MIF/HEX Update          ; 00:00:01     ; 1.0                     ; 253 MB              ; 00:00:01                           ;
; Assembler               ; 00:00:01     ; 1.0                     ; 283 MB              ; 00:00:01                           ;
; MIF/HEX Update          ; 00:00:00     ; 1.0                     ; 253 MB              ; 00:00:01                           ;
; Assembler               ; 00:00:02     ; 1.0                     ; 282 MB              ; 00:00:01                           ;
; MIF/HEX Update          ; 00:00:00     ; 1.0                     ; 253 MB              ; 00:00:01                           ;
; Assembler               ; 00:00:01     ; 1.0                     ; 283 MB              ; 00:00:01                           ;
; MIF/HEX Update          ; 00:00:00     ; 1.0                     ; 253 MB              ; 00:00:00                           ;
; Assembler               ; 00:00:01     ; 1.0                     ; 283 MB              ; 00:00:01                           ;
; MIF/HEX Update          ; 00:00:01     ; 1.0                     ; 253 MB              ; 00:00:01                           ;
; Assembler               ; 00:00:01     ; 1.0                     ; 282 MB              ; 00:00:01                           ;
; MIF/HEX Update          ; 00:00:01     ; 1.0                     ; 253 MB              ; 00:00:01                           ;
; Assembler               ; 00:00:01     ; 1.0                     ; 283 MB              ; 00:00:01                           ;
; MIF/HEX Update          ; 00:00:01     ; 1.0                     ; 253 MB              ; 00:00:01                           ;
; Assembler               ; 00:00:02     ; 1.0                     ; 283 MB              ; 00:00:01                           ;
; MIF/HEX Update          ; 00:00:01     ; 1.0                     ; 253 MB              ; 00:00:01                           ;
; Assembler               ; 00:00:01     ; 1.0                     ; 283 MB              ; 00:00:01                           ;
; MIF/HEX Update          ; 00:00:01     ; 1.0                     ; 253 MB              ; 00:00:01                           ;
; Assembler               ; 00:00:01     ; 1.0                     ; 283 MB              ; 00:00:01                           ;
; MIF/HEX Update          ; 00:00:01     ; 1.0                     ; 253 MB              ; 00:00:01                           ;
; Assembler               ; 00:00:01     ; 1.0                     ; 282 MB              ; 00:00:01                           ;
; MIF/HEX Update          ; 00:00:01     ; 1.0                     ; 252 MB              ; 00:00:01                           ;
; Assembler               ; 00:00:01     ; 1.0                     ; 283 MB              ; 00:00:01                           ;
; MIF/HEX Update          ; 00:00:00     ; 1.0                     ; 253 MB              ; 00:00:01                           ;
; Assembler               ; 00:00:02     ; 1.0                     ; 283 MB              ; 00:00:01                           ;
; MIF/HEX Update          ; 00:00:00     ; 1.0                     ; 252 MB              ; 00:00:01                           ;
; Assembler               ; 00:00:02     ; 1.0                     ; 283 MB              ; 00:00:01                           ;
; MIF/HEX Update          ; 00:00:00     ; 1.0                     ; 252 MB              ; 00:00:01                           ;
; Assembler               ; 00:00:02     ; 1.0                     ; 283 MB              ; 00:00:01                           ;
; MIF/HEX Update          ; 00:00:01     ; 1.0                     ; 253 MB              ; 00:00:01                           ;
; Assembler               ; 00:00:02     ; 1.0                     ; 282 MB              ; 00:00:01                           ;
; MIF/HEX Update          ; 00:00:01     ; 1.0                     ; 253 MB              ; 00:00:01                           ;
; Assembler               ; 00:00:02     ; 1.0                     ; 282 MB              ; 00:00:01                           ;
; MIF/HEX Update          ; 00:00:01     ; 1.0                     ; 252 MB              ; 00:00:01                           ;
; Assembler               ; 00:00:01     ; 1.0                     ; 283 MB              ; 00:00:01                           ;
; MIF/HEX Update          ; 00:00:00     ; 1.0                     ; 253 MB              ; 00:00:01                           ;
; Assembler               ; 00:00:02     ; 1.0                     ; 283 MB              ; 00:00:01                           ;
; MIF/HEX Update          ; 00:00:01     ; 1.0                     ; 261 MB              ; 00:00:00                           ;
; Assembler               ; 00:00:01     ; 1.0                     ; 283 MB              ; 00:00:01                           ;
; MIF/HEX Update          ; 00:00:00     ; 1.0                     ; 253 MB              ; 00:00:01                           ;
; Assembler               ; 00:00:02     ; 1.0                     ; 283 MB              ; 00:00:01                           ;
; MIF/HEX Update          ; 00:00:00     ; 1.0                     ; 253 MB              ; 00:00:01                           ;
; Assembler               ; 00:00:02     ; 1.0                     ; 283 MB              ; 00:00:01                           ;
; Total                   ; 00:08:13     ; --                      ; --                  ; 00:05:43                           ;
+-------------------------+--------------+-------------------------+---------------------+------------------------------------+


+------------------------------------------------------------------------------------------+
; Flow OS Summary                                                                          ;
+-------------------------+------------------+---------------+------------+----------------+
; Module Name             ; Machine Hostname ; OS Name       ; OS Version ; Processor type ;
+-------------------------+------------------+---------------+------------+----------------+
; Analysis & Synthesis    ; vkoutha          ; Windows Vista ; 6.2        ; x86_64         ;
; Fitter                  ; vkoutha          ; Windows Vista ; 6.2        ; x86_64         ;
; Assembler               ; vkoutha          ; Windows Vista ; 6.2        ; x86_64         ;
; Classic Timing Analyzer ; vkoutha          ; Windows Vista ; 6.2        ; x86_64         ;
; MIF/HEX Update          ; vkoutha          ; Windows Vista ; 6.2        ; x86_64         ;
; Assembler               ; vkoutha          ; Windows Vista ; 6.2        ; x86_64         ;
; MIF/HEX Update          ; vkoutha          ; Windows Vista ; 6.2        ; x86_64         ;
; Assembler               ; vkoutha          ; Windows Vista ; 6.2        ; x86_64         ;
; MIF/HEX Update          ; vkoutha          ; Windows Vista ; 6.2        ; x86_64         ;
; Assembler               ; vkoutha          ; Windows Vista ; 6.2        ; x86_64         ;
; MIF/HEX Update          ; vkoutha          ; Windows Vista ; 6.2        ; x86_64         ;
; Assembler               ; vkoutha          ; Windows Vista ; 6.2        ; x86_64         ;
; MIF/HEX Update          ; vkoutha          ; Windows Vista ; 6.2        ; x86_64         ;
; Assembler               ; vkoutha          ; Windows Vista ; 6.2        ; x86_64         ;
; MIF/HEX Update          ; vkoutha          ; Windows Vista ; 6.2        ; x86_64         ;
; Assembler               ; vkoutha          ; Windows Vista ; 6.2        ; x86_64         ;
; MIF/HEX Update          ; vkoutha          ; Windows Vista ; 6.2        ; x86_64         ;
; Assembler               ; vkoutha          ; Windows Vista ; 6.2        ; x86_64         ;
; MIF/HEX Update          ; vkoutha          ; Windows Vista ; 6.2        ; x86_64         ;
; Assembler               ; vkoutha          ; Windows Vista ; 6.2        ; x86_64         ;
; MIF/HEX Update          ; vkoutha          ; Windows Vista ; 6.2        ; x86_64         ;
; Assembler               ; vkoutha          ; Windows Vista ; 6.2        ; x86_64         ;
; MIF/HEX Update          ; vkoutha          ; Windows Vista ; 6.2        ; x86_64         ;
; Assembler               ; vkoutha          ; Windows Vista ; 6.2        ; x86_64         ;
; MIF/HEX Update          ; vkoutha          ; Windows Vista ; 6.2        ; x86_64         ;
; Assembler               ; vkoutha          ; Windows Vista ; 6.2        ; x86_64         ;
; MIF/HEX Update          ; vkoutha          ; Windows Vista ; 6.2        ; x86_64         ;
; Assembler               ; vkoutha          ; Windows Vista ; 6.2        ; x86_64         ;
; MIF/HEX Update          ; vkoutha          ; Windows Vista ; 6.2        ; x86_64         ;
; Assembler               ; vkoutha          ; Windows Vista ; 6.2        ; x86_64         ;
; MIF/HEX Update          ; vkoutha          ; Windows Vista ; 6.2        ; x86_64         ;
; Assembler               ; vkoutha          ; Windows Vista ; 6.2        ; x86_64         ;
; MIF/HEX Update          ; vkoutha          ; Windows Vista ; 6.2        ; x86_64         ;
; Assembler               ; vkoutha          ; Windows Vista ; 6.2        ; x86_64         ;
; MIF/HEX Update          ; vkoutha          ; Windows Vista ; 6.2        ; x86_64         ;
; Assembler               ; vkoutha          ; Windows Vista ; 6.2        ; x86_64         ;
; MIF/HEX Update          ; vkoutha          ; Windows Vista ; 6.2        ; x86_64         ;
; Assembler               ; vkoutha          ; Windows Vista ; 6.2        ; x86_64         ;
; MIF/HEX Update          ; vkoutha          ; Windows Vista ; 6.2        ; x86_64         ;
; Assembler               ; vkoutha          ; Windows Vista ; 6.2        ; x86_64         ;
; MIF/HEX Update          ; vkoutha          ; Windows Vista ; 6.2        ; x86_64         ;
; Assembler               ; vkoutha          ; Windows Vista ; 6.2        ; x86_64         ;
; MIF/HEX Update          ; vkoutha          ; Windows Vista ; 6.2        ; x86_64         ;
; Assembler               ; vkoutha          ; Windows Vista ; 6.2        ; x86_64         ;
; MIF/HEX Update          ; vkoutha          ; Windows Vista ; 6.2        ; x86_64         ;
; Assembler               ; vkoutha          ; Windows Vista ; 6.2        ; x86_64         ;
; MIF/HEX Update          ; vkoutha          ; Windows Vista ; 6.2        ; x86_64         ;
; Assembler               ; vkoutha          ; Windows Vista ; 6.2        ; x86_64         ;
; MIF/HEX Update          ; vkoutha          ; Windows Vista ; 6.2        ; x86_64         ;
; Assembler               ; vkoutha          ; Windows Vista ; 6.2        ; x86_64         ;
; MIF/HEX Update          ; vkoutha          ; Windows Vista ; 6.2        ; x86_64         ;
; Assembler               ; vkoutha          ; Windows Vista ; 6.2        ; x86_64         ;
; MIF/HEX Update          ; vkoutha          ; Windows Vista ; 6.2        ; x86_64         ;
; Assembler               ; vkoutha          ; Windows Vista ; 6.2        ; x86_64         ;
; MIF/HEX Update          ; vkoutha          ; Windows Vista ; 6.2        ; x86_64         ;
; Assembler               ; vkoutha          ; Windows Vista ; 6.2        ; x86_64         ;
; MIF/HEX Update          ; vkoutha          ; Windows Vista ; 6.2        ; x86_64         ;
; Assembler               ; vkoutha          ; Windows Vista ; 6.2        ; x86_64         ;
; MIF/HEX Update          ; vkoutha          ; Windows Vista ; 6.2        ; x86_64         ;
; Assembler               ; vkoutha          ; Windows Vista ; 6.2        ; x86_64         ;
; MIF/HEX Update          ; vkoutha          ; Windows Vista ; 6.2        ; x86_64         ;
; Assembler               ; vkoutha          ; Windows Vista ; 6.2        ; x86_64         ;
; MIF/HEX Update          ; vkoutha          ; Windows Vista ; 6.2        ; x86_64         ;
; Assembler               ; vkoutha          ; Windows Vista ; 6.2        ; x86_64         ;
; MIF/HEX Update          ; vkoutha          ; Windows Vista ; 6.2        ; x86_64         ;
; Assembler               ; vkoutha          ; Windows Vista ; 6.2        ; x86_64         ;
; MIF/HEX Update          ; vkoutha          ; Windows Vista ; 6.2        ; x86_64         ;
; Assembler               ; vkoutha          ; Windows Vista ; 6.2        ; x86_64         ;
; MIF/HEX Update          ; vkoutha          ; Windows Vista ; 6.2        ; x86_64         ;
; Assembler               ; vkoutha          ; Windows Vista ; 6.2        ; x86_64         ;
; MIF/HEX Update          ; vkoutha          ; Windows Vista ; 6.2        ; x86_64         ;
; Assembler               ; vkoutha          ; Windows Vista ; 6.2        ; x86_64         ;
; MIF/HEX Update          ; vkoutha          ; Windows Vista ; 6.2        ; x86_64         ;
; Assembler               ; vkoutha          ; Windows Vista ; 6.2        ; x86_64         ;
; MIF/HEX Update          ; vkoutha          ; Windows Vista ; 6.2        ; x86_64         ;
; Assembler               ; vkoutha          ; Windows Vista ; 6.2        ; x86_64         ;
; MIF/HEX Update          ; vkoutha          ; Windows Vista ; 6.2        ; x86_64         ;
; Assembler               ; vkoutha          ; Windows Vista ; 6.2        ; x86_64         ;
; MIF/HEX Update          ; vkoutha          ; Windows Vista ; 6.2        ; x86_64         ;
; Assembler               ; vkoutha          ; Windows Vista ; 6.2        ; x86_64         ;
; MIF/HEX Update          ; vkoutha          ; Windows Vista ; 6.2        ; x86_64         ;
; Assembler               ; vkoutha          ; Windows Vista ; 6.2        ; x86_64         ;
; MIF/HEX Update          ; vkoutha          ; Windows Vista ; 6.2        ; x86_64         ;
; Assembler               ; vkoutha          ; Windows Vista ; 6.2        ; x86_64         ;
; MIF/HEX Update          ; vkoutha          ; Windows Vista ; 6.2        ; x86_64         ;
; Assembler               ; vkoutha          ; Windows Vista ; 6.2        ; x86_64         ;
; MIF/HEX Update          ; vkoutha          ; Windows Vista ; 6.2        ; x86_64         ;
; Assembler               ; vkoutha          ; Windows Vista ; 6.2        ; x86_64         ;
; MIF/HEX Update          ; vkoutha          ; Windows Vista ; 6.2        ; x86_64         ;
; Assembler               ; vkoutha          ; Windows Vista ; 6.2        ; x86_64         ;
; MIF/HEX Update          ; vkoutha          ; Windows Vista ; 6.2        ; x86_64         ;
; Assembler               ; vkoutha          ; Windows Vista ; 6.2        ; x86_64         ;
; MIF/HEX Update          ; vkoutha          ; Windows Vista ; 6.2        ; x86_64         ;
; Assembler               ; vkoutha          ; Windows Vista ; 6.2        ; x86_64         ;
; MIF/HEX Update          ; vkoutha          ; Windows Vista ; 6.2        ; x86_64         ;
; Assembler               ; vkoutha          ; Windows Vista ; 6.2        ; x86_64         ;
; MIF/HEX Update          ; vkoutha          ; Windows Vista ; 6.2        ; x86_64         ;
; Assembler               ; vkoutha          ; Windows Vista ; 6.2        ; x86_64         ;
; MIF/HEX Update          ; vkoutha          ; Windows Vista ; 6.2        ; x86_64         ;
; Assembler               ; vkoutha          ; Windows Vista ; 6.2        ; x86_64         ;
; MIF/HEX Update          ; vkoutha          ; Windows Vista ; 6.2        ; x86_64         ;
; Assembler               ; vkoutha          ; Windows Vista ; 6.2        ; x86_64         ;
; MIF/HEX Update          ; vkoutha          ; Windows Vista ; 6.2        ; x86_64         ;
; Assembler               ; vkoutha          ; Windows Vista ; 6.2        ; x86_64         ;
; MIF/HEX Update          ; vkoutha          ; Windows Vista ; 6.2        ; x86_64         ;
; Assembler               ; vkoutha          ; Windows Vista ; 6.2        ; x86_64         ;
; MIF/HEX Update          ; vkoutha          ; Windows Vista ; 6.2        ; x86_64         ;
; Assembler               ; vkoutha          ; Windows Vista ; 6.2        ; x86_64         ;
; MIF/HEX Update          ; vkoutha          ; Windows Vista ; 6.2        ; x86_64         ;
; Assembler               ; vkoutha          ; Windows Vista ; 6.2        ; x86_64         ;
; MIF/HEX Update          ; vkoutha          ; Windows Vista ; 6.2        ; x86_64         ;
; Assembler               ; vkoutha          ; Windows Vista ; 6.2        ; x86_64         ;
; MIF/HEX Update          ; vkoutha          ; Windows Vista ; 6.2        ; x86_64         ;
; Assembler               ; vkoutha          ; Windows Vista ; 6.2        ; x86_64         ;
; MIF/HEX Update          ; vkoutha          ; Windows Vista ; 6.2        ; x86_64         ;
; Assembler               ; vkoutha          ; Windows Vista ; 6.2        ; x86_64         ;
; MIF/HEX Update          ; vkoutha          ; Windows Vista ; 6.2        ; x86_64         ;
; Assembler               ; vkoutha          ; Windows Vista ; 6.2        ; x86_64         ;
; MIF/HEX Update          ; vkoutha          ; Windows Vista ; 6.2        ; x86_64         ;
; Assembler               ; vkoutha          ; Windows Vista ; 6.2        ; x86_64         ;
; MIF/HEX Update          ; vkoutha          ; Windows Vista ; 6.2        ; x86_64         ;
; Assembler               ; vkoutha          ; Windows Vista ; 6.2        ; x86_64         ;
; MIF/HEX Update          ; vkoutha          ; Windows Vista ; 6.2        ; x86_64         ;
; Assembler               ; vkoutha          ; Windows Vista ; 6.2        ; x86_64         ;
; MIF/HEX Update          ; vkoutha          ; Windows Vista ; 6.2        ; x86_64         ;
; Assembler               ; vkoutha          ; Windows Vista ; 6.2        ; x86_64         ;
; MIF/HEX Update          ; vkoutha          ; Windows Vista ; 6.2        ; x86_64         ;
; Assembler               ; vkoutha          ; Windows Vista ; 6.2        ; x86_64         ;
; MIF/HEX Update          ; vkoutha          ; Windows Vista ; 6.2        ; x86_64         ;
; Assembler               ; vkoutha          ; Windows Vista ; 6.2        ; x86_64         ;
; MIF/HEX Update          ; vkoutha          ; Windows Vista ; 6.2        ; x86_64         ;
; Assembler               ; vkoutha          ; Windows Vista ; 6.2        ; x86_64         ;
; MIF/HEX Update          ; vkoutha          ; Windows Vista ; 6.2        ; x86_64         ;
; Assembler               ; vkoutha          ; Windows Vista ; 6.2        ; x86_64         ;
; MIF/HEX Update          ; vkoutha          ; Windows Vista ; 6.2        ; x86_64         ;
; Assembler               ; vkoutha          ; Windows Vista ; 6.2        ; x86_64         ;
; MIF/HEX Update          ; vkoutha          ; Windows Vista ; 6.2        ; x86_64         ;
; Assembler               ; vkoutha          ; Windows Vista ; 6.2        ; x86_64         ;
; MIF/HEX Update          ; vkoutha          ; Windows Vista ; 6.2        ; x86_64         ;
; Assembler               ; vkoutha          ; Windows Vista ; 6.2        ; x86_64         ;
; MIF/HEX Update          ; vkoutha          ; Windows Vista ; 6.2        ; x86_64         ;
; Assembler               ; vkoutha          ; Windows Vista ; 6.2        ; x86_64         ;
; MIF/HEX Update          ; vkoutha          ; Windows Vista ; 6.2        ; x86_64         ;
; Assembler               ; vkoutha          ; Windows Vista ; 6.2        ; x86_64         ;
; MIF/HEX Update          ; vkoutha          ; Windows Vista ; 6.2        ; x86_64         ;
; Assembler               ; vkoutha          ; Windows Vista ; 6.2        ; x86_64         ;
; MIF/HEX Update          ; vkoutha          ; Windows Vista ; 6.2        ; x86_64         ;
; Assembler               ; vkoutha          ; Windows Vista ; 6.2        ; x86_64         ;
; MIF/HEX Update          ; vkoutha          ; Windows Vista ; 6.2        ; x86_64         ;
; Assembler               ; vkoutha          ; Windows Vista ; 6.2        ; x86_64         ;
; MIF/HEX Update          ; vkoutha          ; Windows Vista ; 6.2        ; x86_64         ;
; Assembler               ; vkoutha          ; Windows Vista ; 6.2        ; x86_64         ;
; MIF/HEX Update          ; vkoutha          ; Windows Vista ; 6.2        ; x86_64         ;
; Assembler               ; vkoutha          ; Windows Vista ; 6.2        ; x86_64         ;
; MIF/HEX Update          ; vkoutha          ; Windows Vista ; 6.2        ; x86_64         ;
; Assembler               ; vkoutha          ; Windows Vista ; 6.2        ; x86_64         ;
; MIF/HEX Update          ; vkoutha          ; Windows Vista ; 6.2        ; x86_64         ;
; Assembler               ; vkoutha          ; Windows Vista ; 6.2        ; x86_64         ;
; MIF/HEX Update          ; vkoutha          ; Windows Vista ; 6.2        ; x86_64         ;
; Assembler               ; vkoutha          ; Windows Vista ; 6.2        ; x86_64         ;
; MIF/HEX Update          ; vkoutha          ; Windows Vista ; 6.2        ; x86_64         ;
; Assembler               ; vkoutha          ; Windows Vista ; 6.2        ; x86_64         ;
; MIF/HEX Update          ; vkoutha          ; Windows Vista ; 6.2        ; x86_64         ;
; Assembler               ; vkoutha          ; Windows Vista ; 6.2        ; x86_64         ;
; MIF/HEX Update          ; vkoutha          ; Windows Vista ; 6.2        ; x86_64         ;
; Assembler               ; vkoutha          ; Windows Vista ; 6.2        ; x86_64         ;
; MIF/HEX Update          ; vkoutha          ; Windows Vista ; 6.2        ; x86_64         ;
; Assembler               ; vkoutha          ; Windows Vista ; 6.2        ; x86_64         ;
; MIF/HEX Update          ; vkoutha          ; Windows Vista ; 6.2        ; x86_64         ;
; Assembler               ; vkoutha          ; Windows Vista ; 6.2        ; x86_64         ;
; MIF/HEX Update          ; vkoutha          ; Windows Vista ; 6.2        ; x86_64         ;
; Assembler               ; vkoutha          ; Windows Vista ; 6.2        ; x86_64         ;
; MIF/HEX Update          ; vkoutha          ; Windows Vista ; 6.2        ; x86_64         ;
; Assembler               ; vkoutha          ; Windows Vista ; 6.2        ; x86_64         ;
; MIF/HEX Update          ; vkoutha          ; Windows Vista ; 6.2        ; x86_64         ;
; Assembler               ; vkoutha          ; Windows Vista ; 6.2        ; x86_64         ;
; MIF/HEX Update          ; vkoutha          ; Windows Vista ; 6.2        ; x86_64         ;
; Assembler               ; vkoutha          ; Windows Vista ; 6.2        ; x86_64         ;
; MIF/HEX Update          ; vkoutha          ; Windows Vista ; 6.2        ; x86_64         ;
; Assembler               ; vkoutha          ; Windows Vista ; 6.2        ; x86_64         ;
; MIF/HEX Update          ; vkoutha          ; Windows Vista ; 6.2        ; x86_64         ;
; Assembler               ; vkoutha          ; Windows Vista ; 6.2        ; x86_64         ;
; MIF/HEX Update          ; vkoutha          ; Windows Vista ; 6.2        ; x86_64         ;
; Assembler               ; vkoutha          ; Windows Vista ; 6.2        ; x86_64         ;
; MIF/HEX Update          ; vkoutha          ; Windows Vista ; 6.2        ; x86_64         ;
; Assembler               ; vkoutha          ; Windows Vista ; 6.2        ; x86_64         ;
; MIF/HEX Update          ; vkoutha          ; Windows Vista ; 6.2        ; x86_64         ;
; Assembler               ; vkoutha          ; Windows Vista ; 6.2        ; x86_64         ;
; MIF/HEX Update          ; vkoutha          ; Windows Vista ; 6.2        ; x86_64         ;
; Assembler               ; vkoutha          ; Windows Vista ; 6.2        ; x86_64         ;
; MIF/HEX Update          ; vkoutha          ; Windows Vista ; 6.2        ; x86_64         ;
; Assembler               ; vkoutha          ; Windows Vista ; 6.2        ; x86_64         ;
; MIF/HEX Update          ; vkoutha          ; Windows Vista ; 6.2        ; x86_64         ;
; Assembler               ; vkoutha          ; Windows Vista ; 6.2        ; x86_64         ;
; MIF/HEX Update          ; vkoutha          ; Windows Vista ; 6.2        ; x86_64         ;
; Assembler               ; vkoutha          ; Windows Vista ; 6.2        ; x86_64         ;
; MIF/HEX Update          ; vkoutha          ; Windows Vista ; 6.2        ; x86_64         ;
; Assembler               ; vkoutha          ; Windows Vista ; 6.2        ; x86_64         ;
; MIF/HEX Update          ; vkoutha          ; Windows Vista ; 6.2        ; x86_64         ;
; Assembler               ; vkoutha          ; Windows Vista ; 6.2        ; x86_64         ;
; MIF/HEX Update          ; vkoutha          ; Windows Vista ; 6.2        ; x86_64         ;
; Assembler               ; vkoutha          ; Windows Vista ; 6.2        ; x86_64         ;
; MIF/HEX Update          ; vkoutha          ; Windows Vista ; 6.2        ; x86_64         ;
; Assembler               ; vkoutha          ; Windows Vista ; 6.2        ; x86_64         ;
; MIF/HEX Update          ; vkoutha          ; Windows Vista ; 6.2        ; x86_64         ;
; Assembler               ; vkoutha          ; Windows Vista ; 6.2        ; x86_64         ;
; MIF/HEX Update          ; vkoutha          ; Windows Vista ; 6.2        ; x86_64         ;
; Assembler               ; vkoutha          ; Windows Vista ; 6.2        ; x86_64         ;
; MIF/HEX Update          ; vkoutha          ; Windows Vista ; 6.2        ; x86_64         ;
; Assembler               ; vkoutha          ; Windows Vista ; 6.2        ; x86_64         ;
; MIF/HEX Update          ; vkoutha          ; Windows Vista ; 6.2        ; x86_64         ;
; Assembler               ; vkoutha          ; Windows Vista ; 6.2        ; x86_64         ;
; MIF/HEX Update          ; vkoutha          ; Windows Vista ; 6.2        ; x86_64         ;
; Assembler               ; vkoutha          ; Windows Vista ; 6.2        ; x86_64         ;
; MIF/HEX Update          ; vkoutha          ; Windows Vista ; 6.2        ; x86_64         ;
; Assembler               ; vkoutha          ; Windows Vista ; 6.2        ; x86_64         ;
; MIF/HEX Update          ; vkoutha          ; Windows Vista ; 6.2        ; x86_64         ;
; Assembler               ; vkoutha          ; Windows Vista ; 6.2        ; x86_64         ;
; MIF/HEX Update          ; vkoutha          ; Windows Vista ; 6.2        ; x86_64         ;
; Assembler               ; vkoutha          ; Windows Vista ; 6.2        ; x86_64         ;
; MIF/HEX Update          ; vkoutha          ; Windows Vista ; 6.2        ; x86_64         ;
; Assembler               ; vkoutha          ; Windows Vista ; 6.2        ; x86_64         ;
; MIF/HEX Update          ; vkoutha          ; Windows Vista ; 6.2        ; x86_64         ;
; Assembler               ; vkoutha          ; Windows Vista ; 6.2        ; x86_64         ;
; MIF/HEX Update          ; vkoutha          ; Windows Vista ; 6.2        ; x86_64         ;
; Assembler               ; vkoutha          ; Windows Vista ; 6.2        ; x86_64         ;
; MIF/HEX Update          ; vkoutha          ; Windows Vista ; 6.2        ; x86_64         ;
; Assembler               ; vkoutha          ; Windows Vista ; 6.2        ; x86_64         ;
; MIF/HEX Update          ; vkoutha          ; Windows Vista ; 6.2        ; x86_64         ;
; Assembler               ; vkoutha          ; Windows Vista ; 6.2        ; x86_64         ;
+-------------------------+------------------+---------------+------------+----------------+


------------
; Flow Log ;
------------
quartus_map --read_settings_files=on --write_settings_files=off DE2Bot -c DE2Bot
quartus_fit --read_settings_files=off --write_settings_files=off DE2Bot -c DE2Bot
quartus_asm --read_settings_files=off --write_settings_files=off DE2Bot -c DE2Bot
quartus_tan --read_settings_files=off --write_settings_files=off DE2Bot -c DE2Bot --timing_analysis_only
quartus_cdb DE2Bot -c DE2Bot --update_mif
quartus_asm --read_settings_files=on --write_settings_files=off DE2Bot -c DE2Bot
quartus_cdb DE2Bot -c DE2Bot --update_mif
quartus_asm --read_settings_files=on --write_settings_files=off DE2Bot -c DE2Bot
quartus_cdb DE2Bot -c DE2Bot --update_mif
quartus_asm --read_settings_files=on --write_settings_files=off DE2Bot -c DE2Bot
quartus_cdb DE2Bot -c DE2Bot --update_mif
quartus_asm --read_settings_files=on --write_settings_files=off DE2Bot -c DE2Bot
quartus_cdb DE2Bot -c DE2Bot --update_mif
quartus_asm --read_settings_files=on --write_settings_files=off DE2Bot -c DE2Bot
quartus_cdb DE2Bot -c DE2Bot --update_mif
quartus_asm --read_settings_files=on --write_settings_files=off DE2Bot -c DE2Bot
quartus_cdb DE2Bot -c DE2Bot --update_mif
quartus_asm --read_settings_files=on --write_settings_files=off DE2Bot -c DE2Bot
quartus_cdb DE2Bot -c DE2Bot --update_mif
quartus_asm --read_settings_files=on --write_settings_files=off DE2Bot -c DE2Bot
quartus_cdb DE2Bot -c DE2Bot --update_mif
quartus_asm --read_settings_files=on --write_settings_files=off DE2Bot -c DE2Bot
quartus_cdb DE2Bot -c DE2Bot --update_mif
quartus_asm --read_settings_files=on --write_settings_files=off DE2Bot -c DE2Bot
quartus_cdb DE2Bot -c DE2Bot --update_mif
quartus_asm --read_settings_files=on --write_settings_files=off DE2Bot -c DE2Bot
quartus_cdb DE2Bot -c DE2Bot --update_mif
quartus_asm --read_settings_files=on --write_settings_files=off DE2Bot -c DE2Bot
quartus_cdb DE2Bot -c DE2Bot --update_mif
quartus_asm --read_settings_files=on --write_settings_files=off DE2Bot -c DE2Bot
quartus_cdb DE2Bot -c DE2Bot --update_mif
quartus_asm --read_settings_files=on --write_settings_files=off DE2Bot -c DE2Bot
quartus_cdb DE2Bot -c DE2Bot --update_mif
quartus_asm --read_settings_files=on --write_settings_files=off DE2Bot -c DE2Bot
quartus_cdb DE2Bot -c DE2Bot --update_mif
quartus_asm --read_settings_files=on --write_settings_files=off DE2Bot -c DE2Bot
quartus_cdb DE2Bot -c DE2Bot --update_mif
quartus_asm --read_settings_files=on --write_settings_files=off DE2Bot -c DE2Bot
quartus_cdb DE2Bot -c DE2Bot --update_mif
quartus_asm --read_settings_files=on --write_settings_files=off DE2Bot -c DE2Bot
quartus_cdb DE2Bot -c DE2Bot --update_mif
quartus_asm --read_settings_files=on --write_settings_files=off DE2Bot -c DE2Bot
quartus_cdb DE2Bot -c DE2Bot --update_mif
quartus_asm --read_settings_files=on --write_settings_files=off DE2Bot -c DE2Bot
quartus_cdb DE2Bot -c DE2Bot --update_mif
quartus_asm --read_settings_files=on --write_settings_files=off DE2Bot -c DE2Bot
quartus_cdb DE2Bot -c DE2Bot --update_mif
quartus_asm --read_settings_files=on --write_settings_files=off DE2Bot -c DE2Bot
quartus_cdb DE2Bot -c DE2Bot --update_mif
quartus_asm --read_settings_files=on --write_settings_files=off DE2Bot -c DE2Bot
quartus_cdb DE2Bot -c DE2Bot --update_mif
quartus_asm --read_settings_files=on --write_settings_files=off DE2Bot -c DE2Bot
quartus_cdb DE2Bot -c DE2Bot --update_mif
quartus_asm --read_settings_files=on --write_settings_files=off DE2Bot -c DE2Bot
quartus_cdb DE2Bot -c DE2Bot --update_mif
quartus_asm --read_settings_files=on --write_settings_files=off DE2Bot -c DE2Bot
quartus_cdb DE2Bot -c DE2Bot --update_mif
quartus_asm --read_settings_files=on --write_settings_files=off DE2Bot -c DE2Bot
quartus_cdb DE2Bot -c DE2Bot --update_mif
quartus_asm --read_settings_files=on --write_settings_files=off DE2Bot -c DE2Bot
quartus_cdb DE2Bot -c DE2Bot --update_mif
quartus_asm --read_settings_files=on --write_settings_files=off DE2Bot -c DE2Bot
quartus_cdb DE2Bot -c DE2Bot --update_mif
quartus_asm --read_settings_files=on --write_settings_files=off DE2Bot -c DE2Bot
quartus_cdb DE2Bot -c DE2Bot --update_mif
quartus_asm --read_settings_files=on --write_settings_files=off DE2Bot -c DE2Bot
quartus_cdb DE2Bot -c DE2Bot --update_mif
quartus_asm --read_settings_files=on --write_settings_files=off DE2Bot -c DE2Bot
quartus_cdb DE2Bot -c DE2Bot --update_mif
quartus_asm --read_settings_files=on --write_settings_files=off DE2Bot -c DE2Bot
quartus_cdb DE2Bot -c DE2Bot --update_mif
quartus_asm --read_settings_files=on --write_settings_files=off DE2Bot -c DE2Bot
quartus_cdb DE2Bot -c DE2Bot --update_mif
quartus_asm --read_settings_files=on --write_settings_files=off DE2Bot -c DE2Bot
quartus_cdb DE2Bot -c DE2Bot --update_mif
quartus_asm --read_settings_files=on --write_settings_files=off DE2Bot -c DE2Bot
quartus_cdb DE2Bot -c DE2Bot --update_mif
quartus_asm --read_settings_files=on --write_settings_files=off DE2Bot -c DE2Bot
quartus_cdb DE2Bot -c DE2Bot --update_mif
quartus_asm --read_settings_files=on --write_settings_files=off DE2Bot -c DE2Bot
quartus_cdb DE2Bot -c DE2Bot --update_mif
quartus_asm --read_settings_files=on --write_settings_files=off DE2Bot -c DE2Bot
quartus_cdb DE2Bot -c DE2Bot --update_mif
quartus_asm --read_settings_files=on --write_settings_files=off DE2Bot -c DE2Bot
quartus_cdb DE2Bot -c DE2Bot --update_mif
quartus_asm --read_settings_files=on --write_settings_files=off DE2Bot -c DE2Bot
quartus_cdb DE2Bot -c DE2Bot --update_mif
quartus_asm --read_settings_files=on --write_settings_files=off DE2Bot -c DE2Bot
quartus_cdb DE2Bot -c DE2Bot --update_mif
quartus_asm --read_settings_files=on --write_settings_files=off DE2Bot -c DE2Bot
quartus_cdb DE2Bot -c DE2Bot --update_mif
quartus_asm --read_settings_files=on --write_settings_files=off DE2Bot -c DE2Bot
quartus_cdb DE2Bot -c DE2Bot --update_mif
quartus_asm --read_settings_files=on --write_settings_files=off DE2Bot -c DE2Bot
quartus_cdb DE2Bot -c DE2Bot --update_mif
quartus_asm --read_settings_files=on --write_settings_files=off DE2Bot -c DE2Bot
quartus_cdb DE2Bot -c DE2Bot --update_mif
quartus_asm --read_settings_files=on --write_settings_files=off DE2Bot -c DE2Bot
quartus_cdb DE2Bot -c DE2Bot --update_mif
quartus_asm --read_settings_files=on --write_settings_files=off DE2Bot -c DE2Bot
quartus_cdb DE2Bot -c DE2Bot --update_mif
quartus_asm --read_settings_files=on --write_settings_files=off DE2Bot -c DE2Bot
quartus_cdb DE2Bot -c DE2Bot --update_mif
quartus_asm --read_settings_files=on --write_settings_files=off DE2Bot -c DE2Bot
quartus_cdb DE2Bot -c DE2Bot --update_mif
quartus_asm --read_settings_files=on --write_settings_files=off DE2Bot -c DE2Bot
quartus_cdb DE2Bot -c DE2Bot --update_mif
quartus_asm --read_settings_files=on --write_settings_files=off DE2Bot -c DE2Bot
quartus_cdb DE2Bot -c DE2Bot --update_mif
quartus_asm --read_settings_files=on --write_settings_files=off DE2Bot -c DE2Bot
quartus_cdb DE2Bot -c DE2Bot --update_mif
quartus_asm --read_settings_files=on --write_settings_files=off DE2Bot -c DE2Bot
quartus_cdb DE2Bot -c DE2Bot --update_mif
quartus_asm --read_settings_files=on --write_settings_files=off DE2Bot -c DE2Bot
quartus_cdb DE2Bot -c DE2Bot --update_mif
quartus_asm --read_settings_files=on --write_settings_files=off DE2Bot -c DE2Bot
quartus_cdb DE2Bot -c DE2Bot --update_mif
quartus_asm --read_settings_files=on --write_settings_files=off DE2Bot -c DE2Bot
quartus_cdb DE2Bot -c DE2Bot --update_mif
quartus_asm --read_settings_files=on --write_settings_files=off DE2Bot -c DE2Bot
quartus_cdb DE2Bot -c DE2Bot --update_mif
quartus_asm --read_settings_files=on --write_settings_files=off DE2Bot -c DE2Bot
quartus_cdb DE2Bot -c DE2Bot --update_mif
quartus_asm --read_settings_files=on --write_settings_files=off DE2Bot -c DE2Bot
quartus_cdb DE2Bot -c DE2Bot --update_mif
quartus_asm --read_settings_files=on --write_settings_files=off DE2Bot -c DE2Bot
quartus_cdb DE2Bot -c DE2Bot --update_mif
quartus_asm --read_settings_files=on --write_settings_files=off DE2Bot -c DE2Bot
quartus_cdb DE2Bot -c DE2Bot --update_mif
quartus_asm --read_settings_files=on --write_settings_files=off DE2Bot -c DE2Bot
quartus_cdb DE2Bot -c DE2Bot --update_mif
quartus_asm --read_settings_files=on --write_settings_files=off DE2Bot -c DE2Bot
quartus_cdb DE2Bot -c DE2Bot --update_mif
quartus_asm --read_settings_files=on --write_settings_files=off DE2Bot -c DE2Bot
quartus_cdb DE2Bot -c DE2Bot --update_mif
quartus_asm --read_settings_files=on --write_settings_files=off DE2Bot -c DE2Bot
quartus_cdb DE2Bot -c DE2Bot --update_mif
quartus_asm --read_settings_files=on --write_settings_files=off DE2Bot -c DE2Bot
quartus_cdb DE2Bot -c DE2Bot --update_mif
quartus_asm --read_settings_files=on --write_settings_files=off DE2Bot -c DE2Bot
quartus_cdb DE2Bot -c DE2Bot --update_mif
quartus_asm --read_settings_files=on --write_settings_files=off DE2Bot -c DE2Bot
quartus_cdb DE2Bot -c DE2Bot --update_mif
quartus_asm --read_settings_files=on --write_settings_files=off DE2Bot -c DE2Bot
quartus_cdb DE2Bot -c DE2Bot --update_mif
quartus_asm --read_settings_files=on --write_settings_files=off DE2Bot -c DE2Bot
quartus_cdb DE2Bot -c DE2Bot --update_mif
quartus_asm --read_settings_files=on --write_settings_files=off DE2Bot -c DE2Bot
quartus_cdb DE2Bot -c DE2Bot --update_mif
quartus_asm --read_settings_files=on --write_settings_files=off DE2Bot -c DE2Bot
quartus_cdb DE2Bot -c DE2Bot --update_mif
quartus_asm --read_settings_files=on --write_settings_files=off DE2Bot -c DE2Bot
quartus_cdb DE2Bot -c DE2Bot --update_mif
quartus_asm --read_settings_files=on --write_settings_files=off DE2Bot -c DE2Bot
quartus_cdb DE2Bot -c DE2Bot --update_mif
quartus_asm --read_settings_files=on --write_settings_files=off DE2Bot -c DE2Bot
quartus_cdb DE2Bot -c DE2Bot --update_mif
quartus_asm --read_settings_files=on --write_settings_files=off DE2Bot -c DE2Bot
quartus_cdb DE2Bot -c DE2Bot --update_mif
quartus_asm --read_settings_files=on --write_settings_files=off DE2Bot -c DE2Bot
quartus_cdb DE2Bot -c DE2Bot --update_mif
quartus_asm --read_settings_files=on --write_settings_files=off DE2Bot -c DE2Bot
quartus_cdb DE2Bot -c DE2Bot --update_mif
quartus_asm --read_settings_files=on --write_settings_files=off DE2Bot -c DE2Bot
quartus_cdb DE2Bot -c DE2Bot --update_mif
quartus_asm --read_settings_files=on --write_settings_files=off DE2Bot -c DE2Bot
quartus_cdb DE2Bot -c DE2Bot --update_mif
quartus_asm --read_settings_files=on --write_settings_files=off DE2Bot -c DE2Bot
quartus_cdb DE2Bot -c DE2Bot --update_mif
quartus_asm --read_settings_files=on --write_settings_files=off DE2Bot -c DE2Bot
quartus_cdb DE2Bot -c DE2Bot --update_mif
quartus_asm --read_settings_files=on --write_settings_files=off DE2Bot -c DE2Bot
quartus_cdb DE2Bot -c DE2Bot --update_mif
quartus_asm --read_settings_files=on --write_settings_files=off DE2Bot -c DE2Bot
quartus_cdb DE2Bot -c DE2Bot --update_mif
quartus_asm --read_settings_files=on --write_settings_files=off DE2Bot -c DE2Bot
quartus_cdb DE2Bot -c DE2Bot --update_mif
quartus_asm --read_settings_files=on --write_settings_files=off DE2Bot -c DE2Bot
quartus_cdb DE2Bot -c DE2Bot --update_mif
quartus_asm --read_settings_files=on --write_settings_files=off DE2Bot -c DE2Bot
quartus_cdb DE2Bot -c DE2Bot --update_mif
quartus_asm --read_settings_files=on --write_settings_files=off DE2Bot -c DE2Bot
quartus_cdb DE2Bot -c DE2Bot --update_mif
quartus_asm --read_settings_files=on --write_settings_files=off DE2Bot -c DE2Bot
quartus_cdb DE2Bot -c DE2Bot --update_mif
quartus_asm --read_settings_files=on --write_settings_files=off DE2Bot -c DE2Bot
quartus_cdb DE2Bot -c DE2Bot --update_mif
quartus_asm --read_settings_files=on --write_settings_files=off DE2Bot -c DE2Bot
quartus_cdb DE2Bot -c DE2Bot --update_mif
quartus_asm --read_settings_files=on --write_settings_files=off DE2Bot -c DE2Bot
quartus_cdb DE2Bot -c DE2Bot --update_mif
quartus_asm --read_settings_files=on --write_settings_files=off DE2Bot -c DE2Bot
quartus_cdb DE2Bot -c DE2Bot --update_mif
quartus_asm --read_settings_files=on --write_settings_files=off DE2Bot -c DE2Bot
quartus_cdb DE2Bot -c DE2Bot --update_mif
quartus_asm --read_settings_files=on --write_settings_files=off DE2Bot -c DE2Bot
quartus_cdb DE2Bot -c DE2Bot --update_mif
quartus_asm --read_settings_files=on --write_settings_files=off DE2Bot -c DE2Bot
quartus_cdb DE2Bot -c DE2Bot --update_mif
quartus_asm --read_settings_files=on --write_settings_files=off DE2Bot -c DE2Bot
quartus_cdb DE2Bot -c DE2Bot --update_mif
quartus_asm --read_settings_files=on --write_settings_files=off DE2Bot -c DE2Bot
quartus_cdb DE2Bot -c DE2Bot --update_mif
quartus_asm --read_settings_files=on --write_settings_files=off DE2Bot -c DE2Bot
quartus_cdb DE2Bot -c DE2Bot --update_mif
quartus_asm --read_settings_files=on --write_settings_files=off DE2Bot -c DE2Bot
quartus_cdb DE2Bot -c DE2Bot --update_mif
quartus_asm --read_settings_files=on --write_settings_files=off DE2Bot -c DE2Bot
quartus_cdb DE2Bot -c DE2Bot --update_mif
quartus_asm --read_settings_files=on --write_settings_files=off DE2Bot -c DE2Bot
quartus_cdb DE2Bot -c DE2Bot --update_mif
quartus_asm --read_settings_files=on --write_settings_files=off DE2Bot -c DE2Bot
quartus_cdb DE2Bot -c DE2Bot --update_mif
quartus_asm --read_settings_files=on --write_settings_files=off DE2Bot -c DE2Bot
quartus_cdb DE2Bot -c DE2Bot --update_mif
quartus_asm --read_settings_files=on --write_settings_files=off DE2Bot -c DE2Bot
quartus_cdb DE2Bot -c DE2Bot --update_mif
quartus_asm --read_settings_files=on --write_settings_files=off DE2Bot -c DE2Bot
quartus_cdb DE2Bot -c DE2Bot --update_mif
quartus_asm --read_settings_files=on --write_settings_files=off DE2Bot -c DE2Bot
quartus_cdb DE2Bot -c DE2Bot --update_mif
quartus_asm --read_settings_files=on --write_settings_files=off DE2Bot -c DE2Bot
quartus_cdb DE2Bot -c DE2Bot --update_mif
quartus_asm --read_settings_files=on --write_settings_files=off DE2Bot -c DE2Bot
quartus_cdb DE2Bot -c DE2Bot --update_mif
quartus_asm --read_settings_files=on --write_settings_files=off DE2Bot -c DE2Bot
quartus_cdb DE2Bot -c DE2Bot --update_mif
quartus_asm --read_settings_files=on --write_settings_files=off DE2Bot -c DE2Bot
quartus_cdb DE2Bot -c DE2Bot --update_mif
quartus_asm --read_settings_files=on --write_settings_files=off DE2Bot -c DE2Bot



